LOG: 2025/06/26 18:24:53.780853 Succesful connect to database: 26.94.236.113:9000
LOG: 2025/06/26 18:24:53.814335 Succesful ping database: 26.94.236.113:9000
LOG: 2025/06/26 18:29:40.618311 Started POST /user/reg
LOG: 2025/06/26 18:29:40.618311 Send request to check email - loxanik229@mail.ru
LOG: 2025/06/26 18:29:40.619685 Response to check email - false
LOG: 2025/06/26 18:29:40.619685 Send request to check login - loginwithanal
LOG: 2025/06/26 18:29:40.619685 Response to check login - false
LOG: 2025/06/26 18:29:40.664169 Succesful create user: loginwithanal
LOG: 2025/06/26 18:29:42.289248 Send confirm message to email loxanik229@mail.ru
LOG: 2025/06/26 18:29:42.289248 Completed POST /user/reg
LOG: 2025/06/26 18:30:53.839601 Started POST /user/reg/confirm-email
LOG: 2025/06/26 18:30:53.840613 Succesful confirmation user: loxanik229@mail.ru
LOG: 2025/06/26 18:30:53.840613 Completed POST /user/reg/confirm-email
LOG: 2025/06/26 18:33:35.443401 Started POST /user/reg/confirm-email
LOG: 2025/06/26 18:33:35.444035 Can't confrim email, no rows in DB
LOG: 2025/06/26 18:33:35.444035 Completed POST /user/reg/confirm-email
LOG: 2025/06/26 20:03:49.589668 Succesful connect to database: 26.94.236.113:9000
LOG: 2025/06/26 20:03:49.622391 Succesful ping database: 26.94.236.113:9000
LOG: 2025/06/26 20:05:56.189088 Started POST /user/reg/confirm-email/new-code
LOG: 2025/06/26 20:06:00.282420 Send confirm message to email golovlev-2005@mail.ru
LOG: 2025/06/26 20:06:00.282420 Completed POST /user/reg/confirm-email/new-code
LOG: 2025/06/26 20:07:01.308301 Started POST /user/reg/confirm-email
LOG: 2025/06/26 20:07:01.308884 Succesful confirmation user: golovlev-2005@mail.ru
LOG: 2025/06/26 20:07:01.308884 Completed POST /user/reg/confirm-email
LOG: 2025/06/26 22:31:11.405140 Succesful connect to database: 26.94.236.113:9000
LOG: 2025/06/26 22:31:11.457716 Succesful ping database: 26.94.236.113:9000
LOG: 2025/06/26 22:32:22.335634 Started POST /user/reg
LOG: 2025/06/26 22:32:22.335634 Send request to check email - golovlev-2005@mail.ru
LOG: 2025/06/26 22:32:22.338656 Response to check email - false
LOG: 2025/06/26 22:32:22.338656 Send request to check login - sanyuchek
LOG: 2025/06/26 22:32:22.338656 Response to check login - false
LOG: 2025/06/26 22:32:22.385360 Succesful create user: sanyuchek
LOG: 2025/06/26 22:32:24.111716 Send confirm message to email golovlev-2005@mail.ru
LOG: 2025/06/26 22:32:24.111716 Completed POST /user/reg
LOG: 2025/06/26 22:32:40.880939 Started POST /user/reg/confirm-email/new-code
LOG: 2025/06/26 22:32:43.576749 Send confirm message to email golovlev-2005@mail.ru
LOG: 2025/06/26 22:32:43.576749 Completed POST /user/reg/confirm-email/new-code
LOG: 2025/06/26 22:33:14.200052 Started POST /user/reg/confirm-email
LOG: 2025/06/26 22:33:14.201476 Succesful confirmation user: golovlev-2005@mail.ru
LOG: 2025/06/26 22:33:14.201476 Completed POST /user/reg/confirm-email
LOG: 2025/06/27 19:42:30.867579 Succesful connect to database: 26.94.236.113:9000
LOG: 2025/06/27 19:42:30.913718 Succesful ping database: 26.94.236.113:9000
LOG: 2025/06/27 19:43:49.518662 Started POST /user/reg
LOG: 2025/06/27 19:43:49.518662 Send request to check email - 89605866084viktoria@gmail.com
LOG: 2025/06/27 19:43:49.523748 Response to check email - false
LOG: 2025/06/27 19:43:49.523748 Send request to check login - viviass
LOG: 2025/06/27 19:43:49.523748 Response to check login - false
LOG: 2025/06/27 19:43:49.570226 Succesful create user: viviass
LOG: 2025/06/27 19:43:51.222593 Send confirm message to email 89605866084viktoria@gmail.com
LOG: 2025/06/27 19:43:51.222593 Completed POST /user/reg
LOG: 2025/06/27 19:44:46.507229 Started POST /user/reg/confirm-email
LOG: 2025/06/27 19:44:46.508980 Succesful confirmation user: 89605866084viktoria@gmail.com
LOG: 2025/06/27 19:44:46.508980 Completed POST /user/reg/confirm-email
LOG: 2025/06/27 19:45:28.637025 Started POST /user/reg
LOG: 2025/06/27 19:45:28.637025 Send request to check email - 89605866084viktoria@gmail.com
LOG: 2025/06/27 19:45:28.637025 Response to check email - true
LOG: 2025/06/27 19:45:28.637025 Send request to check login - viviass
LOG: 2025/06/27 19:45:28.637025 Response to check login - true
LOG: 2025/06/27 19:45:28.637528 Completed POST /user/reg
LOG: 2025/06/27 20:06:16.950512 Succesful connect to database: 26.94.236.113:9000
LOG: 2025/06/27 20:06:16.981306 Succesful ping database: 26.94.236.113:9000
LOG: 2025/06/27 20:06:18.348288 Started POST /user/reg
LOG: 2025/06/27 20:06:18.348288 Send request to check email - 89605866084viktoria@gmail.com
LOG: 2025/06/27 20:06:18.350045 Response to check email - true
LOG: 2025/06/27 20:06:18.350045 Send request to check login - viviass
LOG: 2025/06/27 20:06:18.350045 Response to check login - true
LOG: 2025/06/27 20:06:18.350045 Completed POST /user/reg
LOG: 2025/06/27 20:06:33.681087 Started POST /user/reg
LOG: 2025/06/27 20:06:33.681087 Send request to check email - 89605866084viktoria@gmail.com
LOG: 2025/06/27 20:06:33.681087 Response to check email - false
LOG: 2025/06/27 20:06:33.681087 Send request to check login - viviass
LOG: 2025/06/27 20:06:33.681591 Response to check login - false
LOG: 2025/06/27 20:06:33.681591 Field validation error: Key: 'User.UserCode.EmailConfirmationPasswordCode' Error:Field validation for 'EmailConfirmationPasswordCode' failed on the 'len' tag
LOG: 2025/06/27 20:06:33.681591 Completed POST /user/reg
LOG: 2025/06/27 20:08:00.234130 Succesful connect to database: 26.94.236.113:9000
LOG: 2025/06/27 20:08:00.266906 Succesful ping database: 26.94.236.113:9000
LOG: 2025/06/27 20:08:00.752028 Started POST /user/reg
LOG: 2025/06/27 20:08:00.752028 Send request to check email - 89605866084viktoria@gmail.com
LOG: 2025/06/27 20:08:00.754111 Response to check email - false
LOG: 2025/06/27 20:08:00.754111 Send request to check login - viviass
LOG: 2025/06/27 20:08:00.754111 Response to check login - false
LOG: 2025/06/27 20:08:00.798288 Bad request to DB: pq: значение NULL в столбце "email_сonfirmation_сode" отношения "User" нарушает ограничение NOT NULL
LOG: 2025/06/27 20:08:00.798288 Completed POST /user/reg
LOG: 2025/06/27 20:08:35.296063 Started POST /user/reg
LOG: 2025/06/27 20:08:35.296063 Send request to check email - 89605866084viktoria@gmail.com
LOG: 2025/06/27 20:08:35.296891 Response to check email - false
LOG: 2025/06/27 20:08:35.296891 Send request to check login - viviass
LOG: 2025/06/27 20:08:35.296891 Response to check login - false
LOG: 2025/06/27 20:08:35.341458 Succesful create user: viviass
LOG: 2025/06/27 20:08:37.271199 Send confirm message to email 89605866084viktoria@gmail.com
LOG: 2025/06/27 20:08:37.271199 Completed POST /user/reg
LOG: 2025/06/27 20:27:49.551849 Succesful connect to database: 26.94.236.113:9000
LOG: 2025/06/27 20:27:49.584170 Succesful ping database: 26.94.236.113:9000
LOG: 2025/06/27 20:27:55.397989 Started POST /user/reg
LOG: 2025/06/27 20:27:55.397989 Send request to check email - 89605866084viktoria@gmail.com
LOG: 2025/06/27 20:27:55.400161 Response to check email - false
LOG: 2025/06/27 20:27:55.400161 Send request to check login - viviass
LOG: 2025/06/27 20:27:55.400161 Response to check login - false
LOG: 2025/06/27 20:27:55.446200 Succesful create user: viviass
LOG: 2025/06/27 20:27:56.916509 Send confirm message to email 89605866084viktoria@gmail.com
LOG: 2025/06/27 20:27:56.916509 Completed POST /user/reg
LOG: 2025/06/27 20:28:15.853383 Started POST /user/reg/confirm-email
LOG: 2025/06/27 20:28:15.855266 Bad request to DB: pq: столбец "email_confirmation_code" не существует
LOG: 2025/06/27 20:28:15.855266 Completed POST /user/reg/confirm-email
LOG: 2025/06/27 20:28:45.276196 Succesful connect to database: 26.94.236.113:9000
LOG: 2025/06/27 20:28:45.308852 Succesful ping database: 26.94.236.113:9000
LOG: 2025/06/27 20:28:48.497430 Started POST /user/reg/confirm-email
LOG: 2025/06/27 20:28:48.499944 Bad request to DB: pq: столбец "email_confirmation_code" не существует
LOG: 2025/06/27 20:28:48.499944 Completed POST /user/reg/confirm-email
LOG: 2025/06/27 20:29:57.987972 Succesful connect to database: 26.94.236.113:9000
LOG: 2025/06/27 20:29:58.019654 Succesful ping database: 26.94.236.113:9000
LOG: 2025/06/27 20:29:58.726650 Started POST /user/reg/confirm-email
LOG: 2025/06/27 20:29:58.729967 Succesful confirmation user: 89605866084viktoria@gmail.com
LOG: 2025/06/27 20:29:58.729967 Completed POST /user/reg/confirm-email
LOG: 2025/06/27 21:48:22.100903 Succesful connect to database: 26.94.236.113:9000
LOG: 2025/06/27 21:48:22.153207 Succesful ping database: 26.94.236.113:9000
LOG: 2025/06/27 21:48:22.345143 Started POST /user/reg
LOG: 2025/06/27 21:48:22.345647 Send request to check email - golovlev-2005@mail.ru
LOG: 2025/06/27 21:48:22.365840 Response to check email - false
LOG: 2025/06/27 21:48:22.365840 Send request to check login - vivsiass
LOG: 2025/06/27 21:48:22.365840 Response to check login - false
LOG: 2025/06/27 21:48:22.417156 Succesful create user: vivsiass
LOG: 2025/06/27 21:48:24.055784 Send confirm message to email golovlev-2005@mail.ru
LOG: 2025/06/27 21:48:24.055784 Completed POST /user/reg
LOG: 2025/06/27 21:48:57.410788 Started POST /user/reg/confirm-email
LOG: 2025/06/27 21:48:57.415838 Succesful confirmation user: golovlev-2005@mail.ru
LOG: 2025/06/27 21:48:57.415838 Completed POST /user/reg/confirm-email
LOG: 2025/06/27 22:08:11.062895 Succesful connect to database: 26.94.236.113:9000
LOG: 2025/06/27 22:08:11.111792 Succesful ping database: 26.94.236.113:9000
LOG: 2025/06/27 22:09:51.092096 Started POST /user/reg
LOG: 2025/06/27 22:09:51.092096 Send request to check email - loxanik229@mail.ru
LOG: 2025/06/27 22:09:51.093887 Response to check email - false
LOG: 2025/06/27 22:09:51.093887 Send request to check login - sosaldvaraza
LOG: 2025/06/27 22:09:51.093887 Response to check login - false
LOG: 2025/06/27 22:09:51.139241 Succesful create user: sosaldvaraza
LOG: 2025/06/27 22:09:52.757166 Send confirm message to email loxanik229@mail.ru
LOG: 2025/06/27 22:09:52.757166 Completed POST /user/reg
LOG: 2025/06/27 22:10:25.496155 Started POST /user/reg/confirm-email
LOG: 2025/06/27 22:10:25.496155 Key: 'UserConfirm.EmailConfirmationCode' Error:Field validation for 'EmailConfirmationCode' failed on the 'len' tag
LOG: 2025/06/27 22:10:25.496155 Completed POST /user/reg/confirm-email
LOG: 2025/06/27 22:10:35.582376 Started POST /user/reg/confirm-email
LOG: 2025/06/27 22:10:35.583212 Can't confrim email, no rows in DB
LOG: 2025/06/27 22:10:35.583212 Completed POST /user/reg/confirm-email
LOG: 2025/06/27 22:10:42.582648 Started POST /user/reg/confirm-email
LOG: 2025/06/27 22:10:42.583211 Succesful confirmation user: loxanik229@mail.ru
LOG: 2025/06/27 22:10:42.583211 Completed POST /user/reg/confirm-email
LOG: 2025/06/27 22:11:09.429613 Started POST /user/reg
LOG: 2025/06/27 22:11:09.429613 Send request to check email - loxanik229@mail.ru
LOG: 2025/06/27 22:11:09.429613 Response to check email - false
LOG: 2025/06/27 22:11:09.429613 Send request to check login - sosaldvaraza
LOG: 2025/06/27 22:11:09.430201 Response to check login - false
LOG: 2025/06/27 22:11:09.474490 Succesful create user: sosaldvaraza
LOG: 2025/06/27 22:11:11.989261 Send confirm message to email loxanik229@mail.ru
LOG: 2025/06/27 22:11:11.989261 Completed POST /user/reg
LOG: 2025/06/27 22:12:24.978961 Started POST /user/reg/confirm-email/new-code
LOG: 2025/06/27 22:12:28.771744 Send confirm message to email loxanik229@mail.ru
LOG: 2025/06/27 22:12:28.771744 Completed POST /user/reg/confirm-email/new-code
LOG: 2025/06/27 22:12:46.308405 Started POST /user/reg/confirm-email
LOG: 2025/06/27 22:12:46.308909 Succesful confirmation user: loxanik229@mail.ru
LOG: 2025/06/27 22:12:46.308909 Completed POST /user/reg/confirm-email
LOG: 2025/06/27 22:15:38.915316 Succesful connect to database: 26.94.236.113:9000
LOG: 2025/06/27 22:15:38.946890 Succesful ping database: 26.94.236.113:9000
LOG: 2025/06/27 22:27:13.411451 Succesful connect to database: 26.94.236.113:9000
LOG: 2025/06/27 22:27:13.442565 Succesful ping database: 26.94.236.113:9000
LOG: 2025/06/27 22:32:56.795797 Started OPTIONS /user/reg
LOG: 2025/06/27 22:32:56.795797 Not allowed method: OPTIONS
LOG: 2025/06/27 22:32:56.795797 Completed OPTIONS /user/reg
LOG: 2025/06/27 22:32:59.768175 Started OPTIONS /user/reg
LOG: 2025/06/27 22:32:59.768175 Not allowed method: OPTIONS
LOG: 2025/06/27 22:32:59.768175 Completed OPTIONS /user/reg
LOG: 2025/06/27 22:33:59.031246 Succesful connect to database: 26.94.236.113:9000
LOG: 2025/06/27 22:33:59.165295 Succesful ping database: 26.94.236.113:9000
LOG: 2025/06/27 22:34:03.789471 Started POST /user/reg
LOG: 2025/06/27 22:34:03.789471 Send request to check email - 1@gmail.com
LOG: 2025/06/27 22:34:03.791099 Response to check email - false
LOG: 2025/06/27 22:34:03.791099 Send request to check login - 11
LOG: 2025/06/27 22:34:03.791099 Response to check login - false
LOG: 2025/06/27 22:34:03.791099 Field validation error: Key: 'User.Login' Error:Field validation for 'Login' failed on the 'min' tag
LOG: 2025/06/27 22:34:03.791099 Completed POST /user/reg
LOG: 2025/06/27 22:34:30.446120 Started POST /user/reg
LOG: 2025/06/27 22:34:30.446120 Send request to check email - 1@gmail.com
LOG: 2025/06/27 22:34:30.446120 Response to check email - false
LOG: 2025/06/27 22:34:30.446120 Send request to check login - Loxanik
LOG: 2025/06/27 22:34:30.446120 Response to check login - false
LOG: 2025/06/27 22:34:30.494264 Succesful create user: Loxanik
LOG: 2025/06/27 22:34:32.627771 Send confirm message to email 1@gmail.com
LOG: 2025/06/27 22:34:32.627771 Completed POST /user/reg
LOG: 2025/06/27 22:35:46.642281 Started POST /user/reg
LOG: 2025/06/27 22:35:46.642281 Send request to check email - 122@gmail.com
LOG: 2025/06/27 22:35:46.642281 Response to check email - false
LOG: 2025/06/27 22:35:46.642281 Send request to check login - Loxanisk
LOG: 2025/06/27 22:35:46.642281 Response to check login - false
LOG: 2025/06/27 22:35:46.686994 Succesful create user: Loxanisk
LOG: 2025/06/27 22:35:48.085449 Send confirm message to email 122@gmail.com
LOG: 2025/06/27 22:35:48.085449 Completed POST /user/reg
LOG: 2025/06/27 22:48:24.280979 Succesful connect to database: 26.94.236.113:9000
LOG: 2025/06/27 22:48:24.314340 Succesful ping database: 26.94.236.113:9000
LOG: 2025/06/27 22:51:03.022604 Started OPTIONS /user/reg
LOG: 2025/06/27 22:51:03.022604 Not allowed method: OPTIONS
LOG: 2025/06/27 22:51:03.022604 Completed OPTIONS /user/reg
LOG: 2025/06/27 22:51:17.160468 Started OPTIONS /user/reg
LOG: 2025/06/27 22:51:17.160468 Not allowed method: OPTIONS
LOG: 2025/06/27 22:51:17.160468 Completed OPTIONS /user/reg
LOG: 2025/06/27 22:51:54.012871 Succesful connect to database: 26.94.236.113:9000
LOG: 2025/06/27 22:51:54.045451 Succesful ping database: 26.94.236.113:9000
LOG: 2025/06/27 22:51:57.305055 Started POST /user/reg
LOG: 2025/06/27 22:51:57.305055 Send request to check email - n1@gmail.com
LOG: 2025/06/27 22:51:57.306772 Response to check email - false
LOG: 2025/06/27 22:51:57.306772 Send request to check login - Loxiiiiiii
LOG: 2025/06/27 22:51:57.306772 Response to check login - false
LOG: 2025/06/27 22:51:57.306772 Field validation error: Key: 'User.Password' Error:Field validation for 'Password' failed on the 'min' tag
LOG: 2025/06/27 22:51:57.306772 Completed POST /user/reg
LOG: 2025/06/27 22:52:18.959226 Started POST /user/reg
LOG: 2025/06/27 22:52:18.959226 Send request to check email - n1@gmail.com
LOG: 2025/06/27 22:52:18.959226 Response to check email - false
LOG: 2025/06/27 22:52:18.959226 Send request to check login - Loxiiiiiii
LOG: 2025/06/27 22:52:18.959226 Response to check login - false
LOG: 2025/06/27 22:52:19.005009 Succesful create user: Loxiiiiiii
LOG: 2025/06/27 22:52:22.784445 Send confirm message to email n1@gmail.com
LOG: 2025/06/27 22:52:22.784445 Completed POST /user/reg
LOG: 2025/06/27 22:54:29.181275 Succesful connect to database: 26.94.236.113:9000
LOG: 2025/06/27 22:54:29.215609 Succesful ping database: 26.94.236.113:9000
LOG: 2025/06/27 22:54:56.055296 Started POST /user/reg
LOG: 2025/06/27 22:54:56.055296 Send request to check email - suchka@gmail.com
LOG: 2025/06/27 22:54:56.057204 Response to check email - false
LOG: 2025/06/27 22:54:56.057204 Send request to check login - Gavsuka
LOG: 2025/06/27 22:54:56.057204 Response to check login - false
LOG: 2025/06/27 22:54:56.102557 Succesful create user: Gavsuka
LOG: 2025/06/27 22:54:57.512447 Send confirm message to email suchka@gmail.com
LOG: 2025/06/27 22:54:57.512447 Completed POST /user/reg
LOG: 2025/06/29 15:58:05.048764 Succesful connect to database: 26.94.236.113:9000
LOG: 2025/06/29 15:58:05.102195 Succesful ping database: 26.94.236.113:9000
LOG: 2025/06/29 15:58:17.499098 Started POST /user/reg
LOG: 2025/06/29 15:58:17.499098 Send request to check email - golovlev-2005@mail.ru
LOG: 2025/06/29 15:58:17.522431 Response to check email - false
LOG: 2025/06/29 15:58:17.522431 Send request to check login - vivsiass
LOG: 2025/06/29 15:58:17.522431 Response to check login - false
LOG: 2025/06/29 15:58:17.576381 Succesful create user: vivsiass
LOG: 2025/06/29 15:58:19.099001 Send confirm message to email golovlev-2005@mail.ru
LOG: 2025/06/29 15:58:19.099001 Completed POST /user/reg
LOG: 2025/06/29 15:58:36.147295 Started POST /user/reg/confirm-email
LOG: 2025/06/29 15:58:36.152048 Succesful confirmation user: golovlev-2005@mail.ru
LOG: 2025/06/29 15:58:36.152048 Completed POST /user/reg/confirm-email
LOG: 2025/06/29 15:59:46.481267 Started POST /user/autho/forgot-password
LOG: 2025/06/29 15:59:46.483024 Bad request to DB: pq: столбец "email_сonfirmation_password_сode" в таблице "User_Codes" не существует
LOG: 2025/06/29 15:59:46.483024 Completed POST /user/autho/forgot-password
LOG: 2025/06/29 16:00:35.166854 Started POST /user/autho/forgot-password
LOG: 2025/06/29 16:00:35.167436 Bad request to DB: pq: столбец "email_сonfirmation_password_сode" в таблице "User_Codes" не существует
LOG: 2025/06/29 16:00:35.167436 Completed POST /user/autho/forgot-password
LOG: 2025/06/29 16:01:08.066807 Succesful connect to database: 26.94.236.113:9000
LOG: 2025/06/29 16:01:08.098312 Succesful ping database: 26.94.236.113:9000
LOG: 2025/06/29 16:01:10.898761 Started POST /user/autho/forgot-password
LOG: 2025/06/29 16:01:10.902347 Bad request to DB: pq: столбец "email_сonfirmation_password_сode" в таблице "User_Codes" не существует
LOG: 2025/06/29 16:01:10.902347 Completed POST /user/autho/forgot-password
LOG: 2025/06/29 16:02:49.491630 Succesful connect to database: 26.94.236.113:9000
LOG: 2025/06/29 16:02:49.522928 Succesful ping database: 26.94.236.113:9000
LOG: 2025/06/29 16:02:51.884952 Started POST /user/autho/forgot-password
LOG: 2025/06/29 16:02:53.200377 Send confirm password message to email golovlev-2005@mail.ru
LOG: 2025/06/29 16:02:53.200377 Completed POST /user/autho/forgot-password
LOG: 2025/07/01 12:17:51.733310 Succesful connect to database: 26.94.236.113:9000
LOG: 2025/07/01 12:17:51.767405 Succesful ping database: 26.94.236.113:9000
LOG: 2025/07/01 12:19:15.754279 Started POST /user/reg
LOG: 2025/07/01 12:19:15.754279 Send request to check email - golovlev-2005@mail.ru
LOG: 2025/07/01 12:19:15.755791 Response to check email - false
LOG: 2025/07/01 12:19:15.755791 Send request to check login - vivsiass
LOG: 2025/07/01 12:19:15.756845 Response to check login - false
LOG: 2025/07/01 12:19:15.804450 Succesful create user: vivsiass
LOG: 2025/07/01 12:19:17.599345 Send confirm message to email golovlev-2005@mail.ru
LOG: 2025/07/01 12:19:17.599345 Completed POST /user/reg
LOG: 2025/07/01 12:19:37.736382 Started POST /user/reg/confirm-email
LOG: 2025/07/01 12:19:37.737511 Succesful confirmation user: golovlev-2005@mail.ru
LOG: 2025/07/01 12:19:37.737511 Completed POST /user/reg/confirm-email
LOG: 2025/07/01 12:21:56.338725 Started POST /user/autho/forgot-password
LOG: 2025/07/01 12:21:57.918304 Send confirm password message to email golovlev-2005@mail.ru
LOG: 2025/07/01 12:21:57.918304 Completed POST /user/autho/forgot-password
LOG: 2025/07/01 12:22:21.231007 Started POST /user/autho/forgot-password/reset
LOG: 2025/07/01 12:22:21.276633 Bad request to DB: pq: ошибка синтаксиса (примерное положение: "User")
LOG: 2025/07/01 12:22:21.276633 Completed POST /user/autho/forgot-password/reset
LOG: 2025/07/01 12:22:45.306531 Succesful connect to database: 26.94.236.113:9000
LOG: 2025/07/01 12:22:45.341497 Succesful ping database: 26.94.236.113:9000
LOG: 2025/07/01 12:22:46.379418 Started POST /user/autho/forgot-password/reset
LOG: 2025/07/01 12:22:46.422953 Bad request to DB: pq: ошибка синтаксиса (примерное положение: "JOIN")
LOG: 2025/07/01 12:22:46.422953 Completed POST /user/autho/forgot-password/reset
LOG: 2025/07/01 12:23:44.369669 Succesful connect to database: 26.94.236.113:9000
LOG: 2025/07/01 12:23:44.399428 Succesful ping database: 26.94.236.113:9000
LOG: 2025/07/01 12:23:46.944063 Started POST /user/autho/forgot-password/reset
LOG: 2025/07/01 12:23:46.988452 Bad request to DB: pq: отношение "user_codes" не существует
LOG: 2025/07/01 12:23:46.988452 Completed POST /user/autho/forgot-password/reset
LOG: 2025/07/01 12:26:01.730085 Succesful connect to database: 26.94.236.113:9000
LOG: 2025/07/01 12:26:01.759921 Succesful ping database: 26.94.236.113:9000
LOG: 2025/07/01 12:26:08.023948 Started POST /user/autho/forgot-password/reset
LOG: 2025/07/01 12:26:08.070046 Succesfull update password for email: golovlev-2005@mail.ru
LOG: 2025/07/01 12:26:08.070046 Completed POST /user/autho/forgot-password/reset
LOG: 2025/07/01 12:48:19.246714 Succesful connect to database: 26.94.236.113:9000
LOG: 2025/07/01 12:48:19.279570 Succesful ping database: 26.94.236.113:9000
LOG: 2025/07/01 12:48:22.693428 Started POST /user/autho/forgot-password
LOG: 2025/07/01 12:48:24.338053 Send confirm password message to email golovlev-2005@mail.ru
LOG: 2025/07/01 12:48:24.338053 Completed POST /user/autho/forgot-password
LOG: 2025/07/01 12:49:01.581094 Started POST /user/autho/forgot-password/code
LOG: 2025/07/01 12:49:01.582336 Bad request to DB: pq: неоднозначная ссылка на столбец "id"
LOG: 2025/07/01 12:49:01.582336 Completed POST /user/autho/forgot-password/code
LOG: 2025/07/01 12:49:53.265675 Succesful connect to database: 26.94.236.113:9000
LOG: 2025/07/01 12:49:53.297640 Succesful ping database: 26.94.236.113:9000
LOG: 2025/07/01 12:49:55.352430 Started POST /user/autho/forgot-password/code
LOG: 2025/07/01 12:49:55.354372 Bad request to DB: pq: оператор не существует: character varying > timestamp with time zone
LOG: 2025/07/01 12:49:55.354372 Completed POST /user/autho/forgot-password/code
LOG: 2025/07/01 12:50:31.704423 Succesful connect to database: 26.94.236.113:9000
LOG: 2025/07/01 12:50:31.734821 Succesful ping database: 26.94.236.113:9000
LOG: 2025/07/01 12:50:34.109335 Started POST /user/autho/forgot-password/code
LOG: 2025/07/01 12:50:34.111194 Succesfull check password code for email: golovlev-2005@mail.ru
LOG: 2025/07/01 12:50:34.111194 Completed POST /user/autho/forgot-password/code
LOG: 2025/07/01 12:50:59.787648 Started POST /user/autho/forgot-password/reset
LOG: 2025/07/01 12:50:59.831952 Succesfull update password for email: golovlev-2005@mail.ru
LOG: 2025/07/01 12:50:59.831952 Completed POST /user/autho/forgot-password/reset
LOG: 2025/07/01 12:56:15.870879 Succesful connect to database: 26.94.236.113:9000
LOG: 2025/07/01 12:56:15.901383 Succesful ping database: 26.94.236.113:9000
LOG: 2025/07/01 12:56:28.277681 Started POST /user/autho/forgot-password/reset
LOG: 2025/07/01 12:56:28.323826 Bad request to DB: pq: столбец "uc" в таблице "User_Codes" не существует
LOG: 2025/07/01 12:56:28.323826 Completed POST /user/autho/forgot-password/reset
LOG: 2025/07/01 12:56:50.339935 Succesful connect to database: 26.94.236.113:9000
LOG: 2025/07/01 12:56:50.368423 Succesful ping database: 26.94.236.113:9000
LOG: 2025/07/01 12:56:56.332173 Started POST /user/autho/forgot-password/reset
LOG: 2025/07/01 12:56:56.378562 Succesfull update password for email: golovlev-2005@mail.ru
LOG: 2025/07/01 12:56:56.378562 Completed POST /user/autho/forgot-password/reset
LOG: 2025/07/01 12:57:05.256448 Started POST /user/autho/forgot-password/reset
LOG: 2025/07/01 12:57:05.299676 No one row updated
LOG: 2025/07/01 12:57:05.299676 Completed POST /user/autho/forgot-password/reset
LOG: 2025/07/01 13:09:45.171519 Succesful connect to database: 26.94.236.113:9000
LOG: 2025/07/01 13:09:45.202469 Succesful ping database: 26.94.236.113:9000
LOG: 2025/07/01 13:09:46.422922 Started POST /user/reg
LOG: 2025/07/01 13:09:46.422922 Send request to check email - golovlev-2005@mail.ru
LOG: 2025/07/01 13:09:46.423813 Response to check email - false
LOG: 2025/07/01 13:09:46.423813 Send request to check login - vivsiass
LOG: 2025/07/01 13:09:46.424318 Response to check login - false
LOG: 2025/07/01 13:09:46.468626 Succesful create user: vivsiass
LOG: 2025/07/01 13:09:48.425663 Send confirm message to email golovlev-2005@mail.ru
LOG: 2025/07/01 13:09:48.425663 Completed POST /user/reg
LOG: 2025/07/01 13:10:02.643223 Started POST /user/reg/confirm-email
LOG: 2025/07/01 13:10:02.643859 Succesful confirmation user: golovlev-2005@mail.ru
LOG: 2025/07/01 13:10:02.643859 Completed POST /user/reg/confirm-email
LOG: 2025/07/01 13:10:13.340294 Started POST /user/autho/forgot-password
LOG: 2025/07/01 13:10:14.848550 Send confirm password message to email golovlev-2005@mail.ru
LOG: 2025/07/01 13:10:14.848550 Completed POST /user/autho/forgot-password
LOG: 2025/07/01 13:10:29.136445 Started POST /user/autho/forgot-password/code
LOG: 2025/07/01 13:10:29.136949 Succesfull check password code for email: golovlev-2005@mail.ru
LOG: 2025/07/01 13:10:29.136949 Completed POST /user/autho/forgot-password/code
LOG: 2025/07/01 13:10:36.185683 Started POST /user/autho/forgot-password/reset
LOG: 2025/07/01 13:10:36.234304 Succesfull update password for email: golovlev-2005@mail.ru
LOG: 2025/07/01 13:10:36.234304 Completed POST /user/autho/forgot-password/reset
LOG: 2025/07/01 14:01:47.102606 Succesful connect to database: 26.94.236.113:9000
LOG: 2025/07/01 14:01:47.132786 Succesful ping database: 26.94.236.113:9000
LOG: 2025/07/01 14:02:23.490575 Started POST /user/reg
LOG: 2025/07/01 14:02:23.490575 Send request to check email - golovlev-2005@mail.ru
LOG: 2025/07/01 14:02:23.491811 Response to check email - false
LOG: 2025/07/01 14:02:23.491811 Send request to check login - vivsiass
LOG: 2025/07/01 14:02:23.492315 Response to check login - false
LOG: 2025/07/01 14:02:23.537807 Succesful create user: vivsiass
LOG: 2025/07/01 14:02:26.129269 Send confirm message to email golovlev-2005@mail.ru
LOG: 2025/07/01 14:02:26.129269 Completed POST /user/reg
LOG: 2025/07/01 14:02:44.440652 Started POST /user/reg/confirm-email
LOG: 2025/07/01 14:02:44.441853 Bad request to DB: pq: столбец "is_confirmed" в таблице "User" не существует
LOG: 2025/07/01 14:02:44.441853 Completed POST /user/reg/confirm-email
LOG: 2025/07/01 14:03:03.856303 Succesful connect to database: 26.94.236.113:9000
LOG: 2025/07/01 14:03:03.887788 Succesful ping database: 26.94.236.113:9000
LOG: 2025/07/01 14:03:05.472187 Started POST /user/reg/confirm-email
LOG: 2025/07/01 14:03:05.473710 Bad request to DB: pq: столбец "is_confirmed" в таблице "User" не существует
LOG: 2025/07/01 14:03:05.473710 Completed POST /user/reg/confirm-email
LOG: 2025/07/01 14:03:28.241045 Succesful connect to database: 26.94.236.113:9000
LOG: 2025/07/01 14:03:28.273462 Succesful ping database: 26.94.236.113:9000
LOG: 2025/07/01 14:03:29.884568 Started POST /user/reg/confirm-email
LOG: 2025/07/01 14:03:29.886865 Bad request to DB: pq: столбец "is_confirmed" в таблице "User" не существует
LOG: 2025/07/01 14:03:29.886865 Completed POST /user/reg/confirm-email
LOG: 2025/07/01 14:03:44.668006 Succesful connect to database: 26.94.236.113:9000
LOG: 2025/07/01 14:03:44.800402 Succesful ping database: 26.94.236.113:9000
LOG: 2025/07/01 14:03:46.228579 Started POST /user/reg/confirm-email
LOG: 2025/07/01 14:03:46.230985 Bad request to DB: pq: столбец "u" в таблице "User" не существует
LOG: 2025/07/01 14:03:46.230985 Completed POST /user/reg/confirm-email
LOG: 2025/07/01 14:05:57.080094 Succesful connect to database: 26.94.236.113:9000
LOG: 2025/07/01 14:05:57.110408 Succesful ping database: 26.94.236.113:9000
LOG: 2025/07/01 14:06:01.972023 Started POST /user/reg/confirm-email
LOG: 2025/07/01 14:06:01.973048 Bad request to DB: pq: столбец "is_confirmed" в таблице "User" не существует
LOG: 2025/07/01 14:06:01.973048 Completed POST /user/reg/confirm-email
LOG: 2025/07/01 14:06:38.732947 Succesful connect to database: 26.94.236.113:9000
LOG: 2025/07/01 14:06:38.766036 Succesful ping database: 26.94.236.113:9000
LOG: 2025/07/01 14:06:40.695503 Started POST /user/reg/confirm-email
LOG: 2025/07/01 14:06:40.697126 Bad request to DB: pq: столбец uc.email_confirmation_code не существует
LOG: 2025/07/01 14:06:40.697126 Completed POST /user/reg/confirm-email
LOG: 2025/07/01 14:07:17.505591 Succesful connect to database: 26.94.236.113:9000
LOG: 2025/07/01 14:07:17.537325 Succesful ping database: 26.94.236.113:9000
LOG: 2025/07/01 14:07:20.555672 Started POST /user/reg/confirm-email
LOG: 2025/07/01 14:07:20.557889 Bad request to DB: pq: столбец uc.email_confirmation_code не существует
LOG: 2025/07/01 14:07:20.557889 Completed POST /user/reg/confirm-email
LOG: 2025/07/01 14:07:47.261786 Succesful connect to database: 26.94.236.113:9000
LOG: 2025/07/01 14:07:47.293525 Succesful ping database: 26.94.236.113:9000
LOG: 2025/07/01 14:07:48.816427 Started POST /user/reg/confirm-email
LOG: 2025/07/01 14:07:48.818512 Bad request to DB: pq: столбец uc.email_confirmation_code не существует
LOG: 2025/07/01 14:07:48.818512 Completed POST /user/reg/confirm-email
LOG: 2025/07/01 14:08:49.949582 Succesful connect to database: 26.94.236.113:9000
LOG: 2025/07/01 14:08:50.084615 Succesful ping database: 26.94.236.113:9000
LOG: 2025/07/01 14:08:55.522013 Started POST /user/reg/confirm-email
LOG: 2025/07/01 14:08:55.523521 Bad request to DB: pq: столбец "is_confirmed" в таблице "User" не существует
LOG: 2025/07/01 14:08:55.523521 Completed POST /user/reg/confirm-email
LOG: 2025/07/01 16:50:57.358520 Succesful connect to database: 26.94.236.113:9000
LOG: 2025/07/01 16:50:57.390919 Succesful ping database: 26.94.236.113:9000
LOG: 2025/07/01 16:51:46.765677 Started POST /user/reg
LOG: 2025/07/01 16:51:46.765677 Send request to check email - golovlev-2005@mail.ru
LOG: 2025/07/01 16:51:46.769203 Response to check email - false
LOG: 2025/07/01 16:51:46.769203 Send request to check login - vivsiass
LOG: 2025/07/01 16:51:46.769771 Response to check login - false
LOG: 2025/07/01 16:51:46.821673 Succesful create user: vivsiass
LOG: 2025/07/01 16:51:48.601131 Send confirm message to email golovlev-2005@mail.ru
LOG: 2025/07/01 16:51:48.601131 Completed POST /user/reg
LOG: 2025/07/01 16:52:06.334956 Started POST /user/reg/confirm-email
LOG: 2025/07/01 16:52:06.335504 Bad request to DB: pq: столбец "is_confirmed" в таблице "User" не существует
LOG: 2025/07/01 16:52:06.335504 Completed POST /user/reg/confirm-email
LOG: 2025/07/01 16:54:10.936821 Succesful connect to database: 26.94.236.113:9000
LOG: 2025/07/01 16:54:10.966048 Succesful ping database: 26.94.236.113:9000
LOG: 2025/07/01 16:54:13.438353 Started POST /user/reg/confirm-email
LOG: 2025/07/01 16:54:13.440105 Bad request to DB: pq: столбец "is_confirmed" в таблице "User" не существует
LOG: 2025/07/01 16:54:13.440105 Completed POST /user/reg/confirm-email
LOG: 2025/07/01 16:54:26.889740 Succesful connect to database: 26.94.236.113:9000
LOG: 2025/07/01 16:54:26.921184 Succesful ping database: 26.94.236.113:9000
LOG: 2025/07/01 16:54:28.171187 Started POST /user/reg/confirm-email
LOG: 2025/07/01 16:54:28.173349 Succesful confirmation user: golovlev-2005@mail.ru
LOG: 2025/07/01 16:54:28.173349 Completed POST /user/reg/confirm-email
LOG: 2025/07/01 17:10:42.103405 Succesful connect to database: 26.94.236.113:9000
LOG: 2025/07/01 17:10:42.246742 Succesful ping database: 26.94.236.113:9000
LOG: 2025/07/01 17:10:49.885626 Started POST /user/autho/forgot-password
LOG: 2025/07/01 17:10:51.241534 Send confirm password message to email golovlev-2005@mail.ru
LOG: 2025/07/01 17:10:51.241534 Completed POST /user/autho/forgot-password
LOG: 2025/07/01 17:11:41.860184 Started POST /user/autho/forgot-password
LOG: 2025/07/01 17:11:43.360631 Send confirm password message to email golovlev-2005@mail.ru
LOG: 2025/07/01 17:11:43.360631 Completed POST /user/autho/forgot-password
LOG: 2025/07/01 21:02:32.393642 Succesful connect to database: 26.94.236.113:9000
LOG: 2025/07/01 21:02:32.423753 Succesful ping database: 26.94.236.113:9000
LOG: 2025/07/01 21:03:36.306249 Started POST /user/reg
LOG: 2025/07/01 21:03:36.306249 Send request to check email - faricgh2@gmail.com
LOG: 2025/07/01 21:03:36.339924 Response to check email - false
LOG: 2025/07/01 21:03:36.339924 Send request to check login - faricgh
LOG: 2025/07/01 21:03:36.339924 Response to check login - false
LOG: 2025/07/01 21:03:36.339924 Field validation error: Key: 'User.Password' Error:Field validation for 'Password' failed on the 'alphanum' tag
LOG: 2025/07/01 21:03:36.339924 Completed POST /user/reg
LOG: 2025/07/01 21:04:01.304541 Started POST /user/reg
LOG: 2025/07/01 21:04:01.304541 Send request to check email - faricgh2@gmail.com
LOG: 2025/07/01 21:04:01.304541 Response to check email - false
LOG: 2025/07/01 21:04:01.304541 Send request to check login - faricgh
LOG: 2025/07/01 21:04:01.304541 Response to check login - false
LOG: 2025/07/01 21:04:01.354654 Succesful create user: faricgh
LOG: 2025/07/01 21:04:03.039926 Send confirm message to email faricgh2@gmail.com
LOG: 2025/07/01 21:04:03.039926 Completed POST /user/reg
LOG: 2025/07/01 21:04:23.972146 Started POST /user/reg/confirm-email
LOG: 2025/07/01 21:04:23.972146 Can't parse json: json: unknown field "code"
LOG: 2025/07/01 21:04:23.972146 Completed POST /user/reg/confirm-email
LOG: 2025/07/01 21:15:17.873536 Succesful connect to database: 26.94.236.113:9000
LOG: 2025/07/01 21:15:17.905004 Succesful ping database: 26.94.236.113:9000
LOG: 2025/07/01 21:16:12.593651 Started POST /user/reg/confirm-email
LOG: 2025/07/01 21:16:12.593651 Can't parse json: json: unknown field "code"
LOG: 2025/07/01 21:16:12.593651 Completed POST /user/reg/confirm-email
LOG: 2025/07/01 21:18:23.436490 Started POST /user/reg/confirm-email
LOG: 2025/07/01 21:18:23.436490 Key: 'UserConfirm.Email' Error:Field validation for 'Email' failed on the 'required' tag
LOG: 2025/07/01 21:18:23.436490 Completed POST /user/reg/confirm-email
LOG: 2025/07/01 21:18:24.769293 Started POST /user/reg/confirm-email
LOG: 2025/07/01 21:18:24.769293 Key: 'UserConfirm.Email' Error:Field validation for 'Email' failed on the 'required' tag
LOG: 2025/07/01 21:18:24.769293 Completed POST /user/reg/confirm-email
LOG: 2025/07/01 21:18:24.996513 Started POST /user/reg/confirm-email
LOG: 2025/07/01 21:18:24.996513 Key: 'UserConfirm.Email' Error:Field validation for 'Email' failed on the 'required' tag
LOG: 2025/07/01 21:18:24.996513 Completed POST /user/reg/confirm-email
LOG: 2025/07/01 21:18:25.157919 Started POST /user/reg/confirm-email
LOG: 2025/07/01 21:18:25.157919 Key: 'UserConfirm.Email' Error:Field validation for 'Email' failed on the 'required' tag
LOG: 2025/07/01 21:18:25.157919 Completed POST /user/reg/confirm-email
LOG: 2025/07/01 21:18:25.303721 Started POST /user/reg/confirm-email
LOG: 2025/07/01 21:18:25.303721 Key: 'UserConfirm.Email' Error:Field validation for 'Email' failed on the 'required' tag
LOG: 2025/07/01 21:18:25.303721 Completed POST /user/reg/confirm-email
LOG: 2025/07/01 21:18:25.464658 Started POST /user/reg/confirm-email
LOG: 2025/07/01 21:18:25.464658 Key: 'UserConfirm.Email' Error:Field validation for 'Email' failed on the 'required' tag
LOG: 2025/07/01 21:18:25.464658 Completed POST /user/reg/confirm-email
LOG: 2025/07/01 21:18:25.618853 Started POST /user/reg/confirm-email
LOG: 2025/07/01 21:18:25.618853 Key: 'UserConfirm.Email' Error:Field validation for 'Email' failed on the 'required' tag
LOG: 2025/07/01 21:18:25.618853 Completed POST /user/reg/confirm-email
LOG: 2025/07/01 21:18:25.780453 Started POST /user/reg/confirm-email
LOG: 2025/07/01 21:18:25.780453 Key: 'UserConfirm.Email' Error:Field validation for 'Email' failed on the 'required' tag
LOG: 2025/07/01 21:18:25.780453 Completed POST /user/reg/confirm-email
LOG: 2025/07/01 21:18:25.911657 Started POST /user/reg/confirm-email
LOG: 2025/07/01 21:18:25.911657 Key: 'UserConfirm.Email' Error:Field validation for 'Email' failed on the 'required' tag
LOG: 2025/07/01 21:18:25.911657 Completed POST /user/reg/confirm-email
LOG: 2025/07/01 21:19:08.730131 Started POST /user/reg/confirm-email
LOG: 2025/07/01 21:19:08.730131 Key: 'UserConfirm.Email' Error:Field validation for 'Email' failed on the 'required' tag
LOG: 2025/07/01 21:19:08.730131 Completed POST /user/reg/confirm-email
LOG: 2025/07/01 21:45:40.543808 Started POST /user/reg
LOG: 2025/07/01 21:45:40.543808 Send request to check email - dawdaw.02f@gmail.com
LOG: 2025/07/01 21:45:40.545158 Response to check email - false
LOG: 2025/07/01 21:45:40.545158 Send request to check login - cdsass
LOG: 2025/07/01 21:45:40.545158 Response to check login - false
LOG: 2025/07/01 21:45:40.588952 Succesful create user: cdsass
LOG: 2025/07/01 21:45:43.069918 Send confirm message to email dawdaw.02f@gmail.com
LOG: 2025/07/01 21:45:43.069918 Completed POST /user/reg
LOG: 2025/07/01 21:46:09.422890 Started POST /user/reg/confirm-email
LOG: 2025/07/01 21:46:09.422890 Key: 'UserConfirm.Email' Error:Field validation for 'Email' failed on the 'email' tag
Key: 'UserConfirm.EmailConfirmationCode' Error:Field validation for 'EmailConfirmationCode' failed on the 'required' tag
LOG: 2025/07/01 21:46:09.422890 Completed POST /user/reg/confirm-email
LOG: 2025/07/01 21:46:43.722788 Started POST /user/reg/confirm-email
LOG: 2025/07/01 21:46:43.722788 Key: 'UserConfirm.Email' Error:Field validation for 'Email' failed on the 'email' tag
Key: 'UserConfirm.EmailConfirmationCode' Error:Field validation for 'EmailConfirmationCode' failed on the 'required' tag
LOG: 2025/07/01 21:46:43.722788 Completed POST /user/reg/confirm-email
LOG: 2025/07/01 21:47:00.437659 Started POST /user/reg/confirm-email
LOG: 2025/07/01 21:47:00.437659 Key: 'UserConfirm.Email' Error:Field validation for 'Email' failed on the 'email' tag
Key: 'UserConfirm.EmailConfirmationCode' Error:Field validation for 'EmailConfirmationCode' failed on the 'required' tag
LOG: 2025/07/01 21:47:00.437659 Completed POST /user/reg/confirm-email
LOG: 2025/07/01 21:52:48.301695 Started POST /user/reg/confirm-email
LOG: 2025/07/01 21:52:48.301695 Key: 'UserConfirm.Email' Error:Field validation for 'Email' failed on the 'email' tag
Key: 'UserConfirm.EmailConfirmationCode' Error:Field validation for 'EmailConfirmationCode' failed on the 'required' tag
LOG: 2025/07/01 21:52:48.301695 Completed POST /user/reg/confirm-email
LOG: 2025/07/01 21:54:20.848858 Started POST /user/reg
LOG: 2025/07/01 21:54:20.848858 Send request to check email - dawdaw.02f@gmail.com
LOG: 2025/07/01 21:54:20.848858 Response to check email - false
LOG: 2025/07/01 21:54:20.848858 Send request to check login - Lucik
LOG: 2025/07/01 21:54:20.848858 Response to check login - false
LOG: 2025/07/01 21:54:20.849363 Field validation error: Key: 'User.Login' Error:Field validation for 'Login' failed on the 'min' tag
LOG: 2025/07/01 21:54:20.849363 Completed POST /user/reg
LOG: 2025/07/01 21:54:28.588967 Started POST /user/reg
LOG: 2025/07/01 21:54:28.588967 Send request to check email - dawdaw.02f@gmail.com
LOG: 2025/07/01 21:54:28.588967 Response to check email - false
LOG: 2025/07/01 21:54:28.588967 Send request to check login - Lucik
LOG: 2025/07/01 21:54:28.588967 Response to check login - false
LOG: 2025/07/01 21:54:28.589473 Field validation error: Key: 'User.Login' Error:Field validation for 'Login' failed on the 'min' tag
LOG: 2025/07/01 21:54:28.589473 Completed POST /user/reg
LOG: 2025/07/01 21:54:31.099413 Started POST /user/reg
LOG: 2025/07/01 21:54:31.099413 Send request to check email - dawdaw.02f@gmail.com
LOG: 2025/07/01 21:54:31.099413 Response to check email - false
LOG: 2025/07/01 21:54:31.099413 Send request to check login - Lucik
LOG: 2025/07/01 21:54:31.099413 Response to check login - false
LOG: 2025/07/01 21:54:31.099918 Field validation error: Key: 'User.Login' Error:Field validation for 'Login' failed on the 'min' tag
LOG: 2025/07/01 21:54:31.099918 Completed POST /user/reg
LOG: 2025/07/01 21:54:44.660107 Started POST /user/reg
LOG: 2025/07/01 21:54:44.660107 Send request to check email - dawdaw.02f@gmail.com
LOG: 2025/07/01 21:54:44.660107 Response to check email - false
LOG: 2025/07/01 21:54:44.660107 Send request to check login - Lucik
LOG: 2025/07/01 21:54:44.660107 Response to check login - false
LOG: 2025/07/01 21:54:44.660107 Field validation error: Key: 'User.Login' Error:Field validation for 'Login' failed on the 'min' tag
LOG: 2025/07/01 21:54:44.660107 Completed POST /user/reg
LOG: 2025/07/01 21:54:56.803983 Started POST /user/reg
LOG: 2025/07/01 21:54:56.803983 Send request to check email - dawdaw.02f@gmail.com
LOG: 2025/07/01 21:54:56.804512 Response to check email - false
LOG: 2025/07/01 21:54:56.804512 Send request to check login - Lucik
LOG: 2025/07/01 21:54:56.804512 Response to check login - false
LOG: 2025/07/01 21:54:56.805038 Field validation error: Key: 'User.Login' Error:Field validation for 'Login' failed on the 'min' tag
LOG: 2025/07/01 21:54:56.805038 Completed POST /user/reg
LOG: 2025/07/01 21:54:58.108441 Started POST /user/reg
LOG: 2025/07/01 21:54:58.108441 Send request to check email - dawdaw.02f@gmail.com
LOG: 2025/07/01 21:54:58.108441 Response to check email - false
LOG: 2025/07/01 21:54:58.108441 Send request to check login - Lucik
LOG: 2025/07/01 21:54:58.108441 Response to check login - false
LOG: 2025/07/01 21:54:58.108441 Field validation error: Key: 'User.Login' Error:Field validation for 'Login' failed on the 'min' tag
LOG: 2025/07/01 21:54:58.108441 Completed POST /user/reg
LOG: 2025/07/01 21:55:09.548226 Started POST /user/reg
LOG: 2025/07/01 21:55:09.548226 Send request to check email - dawdaw.02f@gmail.com
LOG: 2025/07/01 21:55:09.548226 Response to check email - false
LOG: 2025/07/01 21:55:09.548226 Send request to check login - Lucik1111
LOG: 2025/07/01 21:55:09.548226 Response to check login - false
LOG: 2025/07/01 21:55:09.595063 Succesful create user: Lucik1111
LOG: 2025/07/01 21:55:11.160956 Send confirm message to email dawdaw.02f@gmail.com
LOG: 2025/07/01 21:55:11.160956 Completed POST /user/reg
LOG: 2025/07/01 21:58:26.431628 Started POST /user/reg
LOG: 2025/07/01 21:58:26.431628 Send request to check email - faricgh2@gmail.com
LOG: 2025/07/01 21:58:26.431628 Response to check email - false
LOG: 2025/07/01 21:58:26.431628 Send request to check login - Maloiii
LOG: 2025/07/01 21:58:26.431628 Response to check login - false
LOG: 2025/07/01 21:58:26.476541 Succesful create user: Maloiii
LOG: 2025/07/01 21:58:27.781400 Send confirm message to email faricgh2@gmail.com
LOG: 2025/07/01 21:58:27.781400 Completed POST /user/reg
LOG: 2025/07/01 21:58:46.720361 Started POST /user/reg/confirm-email
LOG: 2025/07/01 21:58:46.720361 Key: 'UserConfirm.Email' Error:Field validation for 'Email' failed on the 'email' tag
Key: 'UserConfirm.EmailConfirmationCode' Error:Field validation for 'EmailConfirmationCode' failed on the 'required' tag
LOG: 2025/07/01 21:58:46.720361 Completed POST /user/reg/confirm-email
LOG: 2025/07/01 22:00:56.866363 Started POST /user/reg/confirm-email
LOG: 2025/07/01 22:00:56.868244 Succesful confirmation user: faricgh2@gmail.com
LOG: 2025/07/01 22:00:56.868244 Completed POST /user/reg/confirm-email
LOG: 2025/07/01 22:00:58.491619 Started POST /user/reg/confirm-email
LOG: 2025/07/01 22:00:58.492228 Succesful confirmation user: faricgh2@gmail.com
LOG: 2025/07/01 22:00:58.492228 Completed POST /user/reg/confirm-email
LOG: 2025/07/02 11:30:35.403082 Succesful connect to database: 26.94.236.113:9000
LOG: 2025/07/02 11:30:35.435850 Succesful ping database: 26.94.236.113:9000
LOG: 2025/07/02 11:30:42.849078 Started POST /user/reg
LOG: 2025/07/02 11:30:42.849078 Send request to check email - golovlev-2005@mail.ru
LOG: 2025/07/02 11:30:42.866919 Response to check email - false
LOG: 2025/07/02 11:30:42.866919 Send request to check login - vivsiass
LOG: 2025/07/02 11:30:42.866919 Response to check login - false
LOG: 2025/07/02 11:30:42.917884 Succesful create user: vivsiass
LOG: 2025/07/02 11:30:44.611388 Send confirm message to email golovlev-2005@mail.ru
LOG: 2025/07/02 11:30:44.611388 Completed POST /user/reg
LOG: 2025/07/02 11:31:28.898283 Started POST /user/reg/confirm-email/new-code
LOG: 2025/07/02 11:31:28.943211 Bad request to DB: pq: got 3 parameters but the statement requires 2
LOG: 2025/07/02 11:31:28.943211 Completed POST /user/reg/confirm-email/new-code
LOG: 2025/07/02 11:33:44.195374 Succesful connect to database: 26.94.236.113:9000
LOG: 2025/07/02 11:33:44.224282 Succesful ping database: 26.94.236.113:9000
LOG: 2025/07/02 11:33:46.069520 Started POST /user/reg/confirm-email/new-code
LOG: 2025/07/02 11:33:47.632077 Send confirm message to email golovlev-2005@mail.ru
LOG: 2025/07/02 11:33:47.632077 Completed POST /user/reg/confirm-email/new-code
LOG: 2025/07/02 11:42:23.693619 Succesful connect to database: 26.94.236.113:9000
LOG: 2025/07/02 11:42:23.721807 Succesful ping database: 26.94.236.113:9000
LOG: 2025/07/02 11:45:16.021620 Started POST /user/reg
LOG: 2025/07/02 11:45:16.021620 Send request to check email - golovlev-2005@mail.ru
LOG: 2025/07/02 11:45:16.022688 Response to check email - false
LOG: 2025/07/02 11:45:16.022688 Send request to check login - vivsiass
LOG: 2025/07/02 11:45:16.023193 Response to check login - false
LOG: 2025/07/02 11:45:16.067395 Succesful create user: vivsiass
LOG: 2025/07/02 11:45:18.525151 Send confirm message to email golovlev-2005@mail.ru
LOG: 2025/07/02 11:45:18.525151 Completed POST /user/reg
LOG: 2025/07/02 11:45:34.166818 Started POST /user/reg/confirm-email/new-code
LOG: 2025/07/02 11:45:35.557650 Send confirm message to email golovlev-2005@mail.ru
LOG: 2025/07/02 11:45:35.557650 Completed POST /user/reg/confirm-email/new-code
LOG: 2025/07/02 11:46:01.312815 Started POST /user/reg/confirm-email
LOG: 2025/07/02 11:46:01.313820 Succesful confirmation user: golovlev-2005@mail.ru
LOG: 2025/07/02 11:46:01.313820 Completed POST /user/reg/confirm-email
LOG: 2025/07/02 11:46:06.997979 Started POST /user/autho/forgot-password
LOG: 2025/07/02 11:46:06.999010 Bad request to DB: pq: таблица "uc" отсутствует в предложении FROM
LOG: 2025/07/02 11:46:06.999010 Completed POST /user/autho/forgot-password
LOG: 2025/07/02 11:46:16.550470 Started POST /user/autho/forgot-password
LOG: 2025/07/02 11:46:16.550470 Bad request to DB: pq: таблица "uc" отсутствует в предложении FROM
LOG: 2025/07/02 11:46:16.550470 Completed POST /user/autho/forgot-password
LOG: 2025/07/02 11:47:37.483653 Succesful connect to database: 26.94.236.113:9000
LOG: 2025/07/02 11:47:37.512764 Succesful ping database: 26.94.236.113:9000
LOG: 2025/07/02 11:47:38.955758 Started POST /user/autho/forgot-password
LOG: 2025/07/02 11:47:40.236946 Send confirm password message to email golovlev-2005@mail.ru
LOG: 2025/07/02 11:47:40.236946 Completed POST /user/autho/forgot-password
LOG: 2025/07/02 11:48:00.510818 Started POST /user/autho/forgot-password/code
LOG: 2025/07/02 11:48:00.511402 Succesfull check password code for email: golovlev-2005@mail.ru
LOG: 2025/07/02 11:48:00.511402 Completed POST /user/autho/forgot-password/code
LOG: 2025/07/02 11:48:05.962693 Started POST /user/autho/forgot-password/reset
LOG: 2025/07/02 11:48:06.005650 Succesfull update password for email: golovlev-2005@mail.ru
LOG: 2025/07/02 11:48:06.005650 Completed POST /user/autho/forgot-password/reset
LOG: 2025/07/02 12:37:40.926330 Succesful connect to database: 26.94.236.113:9000
LOG: 2025/07/02 12:37:40.955753 Succesful ping database: 26.94.236.113:9000
LOG: 2025/07/02 12:53:20.431096 Succesful connect to database: 26.94.236.113:9000
LOG: 2025/07/02 12:53:20.570078 Succesful ping database: 26.94.236.113:9000
LOG: 2025/07/02 12:53:32.705371 Started POST /user/autho/forgot-password
LOG: 2025/07/02 12:53:34.564410 Send confirm password message to email golovlev-2005@mail.ru
LOG: 2025/07/02 12:53:34.564410 Completed POST /user/autho/forgot-password
LOG: 2025/07/02 12:53:58.518008 Started POST /user/autho/forgot-password/reset
LOG: 2025/07/02 12:53:58.561338 Succesfull update password for email: golovlev-2005@mail.ru
LOG: 2025/07/02 12:53:58.561338 Completed POST /user/autho/forgot-password/reset
LOG: 2025/07/02 12:54:46.722865 Started POST /user/autho
LOG: 2025/07/02 12:54:46.722865 Can't parse json: invalid character '}' looking for beginning of object key string
LOG: 2025/07/02 12:54:46.722865 Completed POST /user/autho
LOG: 2025/07/02 12:54:51.006273 Started POST /user/autho
LOG: 2025/07/02 12:54:51.006273 Field validation error: Key: 'UserAutho.Password' Error:Field validation for 'Password' failed on the 'min' tag
LOG: 2025/07/02 12:54:51.006273 Completed POST /user/autho
LOG: 2025/07/02 12:55:29.161055 Started POST /user/autho
LOG: 2025/07/02 12:55:29.207067 Bad request to DB: pq: столбец "is_confirmed" не существует
LOG: 2025/07/02 12:55:29.207067 Completed POST /user/autho
LOG: 2025/07/02 12:56:02.592606 Succesful connect to database: 26.94.236.113:9000
LOG: 2025/07/02 12:56:02.623359 Succesful ping database: 26.94.236.113:9000
LOG: 2025/07/02 12:56:03.843542 Started POST /user/autho
LOG: 2025/07/02 12:56:03.887687 Completed POST /user/autho
LOG: 2025/07/02 16:18:16.234233 Succesful connect to database: 26.94.236.113:9000
LOG: 2025/07/02 16:18:16.266072 Succesful ping database: 26.94.236.113:9000
LOG: 2025/07/02 16:18:18.393578 Started POST /user/autho
LOG: 2025/07/02 16:18:18.456105 Completed POST /user/autho
LOG: 2025/07/02 19:22:19.887446 Succesful connect to database: 26.94.236.113:9000
LOG: 2025/07/02 19:22:20.022687 Succesful ping database: 26.94.236.113:9000
LOG: 2025/07/02 19:23:44.811555 Started POST /user/autho
LOG: 2025/07/02 19:23:44.859935 Invalid password
LOG: 2025/07/02 19:23:44.859935 Completed POST /user/autho
LOG: 2025/07/02 19:23:51.077597 Started POST /user/autho
LOG: 2025/07/02 19:23:51.120931 Completed POST /user/autho
LOG: 2025/07/02 19:25:44.761497 Started POST /user/change-info
LOG: 2025/07/02 19:25:44.761497 Not allowed method: POST
LOG: 2025/07/02 19:25:44.761497 Completed POST /user/change-info
LOG: 2025/07/02 19:25:51.545254 Started PATCH /user/change-info
LOG: 2025/07/02 19:25:51.545254 Can't parse token: token signature is invalid: key is of invalid type: HMAC verify expects []byte
LOG: 2025/07/02 19:25:51.545254 Completed PATCH /user/change-info
LOG: 2025/07/02 19:33:49.561249 Succesful connect to database: 26.94.236.113:9000
LOG: 2025/07/02 19:33:49.590565 Succesful ping database: 26.94.236.113:9000
LOG: 2025/07/02 19:33:51.904648 Started PATCH /user/change-info
LOG: 2025/07/02 19:33:51.904648 Всё хайп: 113
LOG: 2025/07/02 19:33:51.904648 Completed PATCH /user/change-info
LOG: 2025/07/02 19:43:41.425207 Succesful connect to database: 26.94.236.113:9000
LOG: 2025/07/02 19:43:41.453722 Succesful ping database: 26.94.236.113:9000
LOG: 2025/07/02 19:44:03.231124 Started POST /user/reg/confirm-email/new-code
LOG: 2025/07/02 19:44:05.130028 popkipiskisashalox
LOG: 2025/07/02 19:44:05.130028 Send confirm message to email golovlev-2005@mail.ru
LOG: 2025/07/02 19:44:05.130028 Completed POST /user/reg/confirm-email/new-code
LOG: 2025/07/03 00:00:51.765503 Succesful connect to database: 26.94.236.113:9000
LOG: 2025/07/03 00:00:51.910849 Succesful ping database: 26.94.236.113:9000
LOG: 2025/07/03 00:01:56.094801 Started PATCH /user/change-info
LOG: 2025/07/03 00:01:56.097626 succesful change info for user: 113
LOG: 2025/07/03 00:01:56.097626 Completed PATCH /user/change-info
LOG: 2025/07/03 00:02:06.691270 Started PATCH /user/change-info
LOG: 2025/07/03 00:02:06.691270 Can't parse token: token signature is invalid: signature is invalid
LOG: 2025/07/03 00:02:06.691270 Completed PATCH /user/change-info
LOG: 2025/07/03 00:02:12.727461 Started PATCH /user/change-info
LOG: 2025/07/03 00:02:12.728085 succesful change info for user: 113
LOG: 2025/07/03 00:02:12.728085 Completed PATCH /user/change-info
LOG: 2025/07/03 00:02:21.693577 Started PATCH /user/change-info
LOG: 2025/07/03 00:02:21.694195 succesful change info for user: 113
LOG: 2025/07/03 00:02:21.694195 Completed PATCH /user/change-info
LOG: 2025/07/03 00:02:35.197086 Started PATCH /user/change-info
LOG: 2025/07/03 00:02:35.197086 Can't parse token: token is malformed: could not JSON decode header: invalid character 'È' looking for beginning of value
LOG: 2025/07/03 00:02:35.197086 Completed PATCH /user/change-info
LOG: 2025/07/03 00:02:44.032335 Started PATCH /user/change-info
LOG: 2025/07/03 00:02:44.032335 Can't parse token: token is malformed: could not JSON decode header: invalid character '\u008b' looking for beginning of value
LOG: 2025/07/03 00:02:44.032335 Completed PATCH /user/change-info
LOG: 2025/07/03 00:02:54.939775 Started PATCH /user/change-info
LOG: 2025/07/03 00:02:54.940357 succesful change info for user: 113
LOG: 2025/07/03 00:02:54.940357 Completed PATCH /user/change-info
LOG: 2025/07/03 12:10:53.657489 Succesful connect to database: 26.94.236.113:9000
LOG: 2025/07/03 12:10:53.691027 Succesful ping database: 26.94.236.113:9000
LOG: 2025/07/03 12:10:54.794835 Started PATCH /user/profile
LOG: 2025/07/03 12:10:54.794835 Not allowed method: PATCH
LOG: 2025/07/03 12:10:54.794835 Completed PATCH /user/profile
LOG: 2025/07/03 12:11:01.649254 Started GET /user/profile
LOG: 2025/07/03 12:11:01.649759 Bad request to DB: pq: столбец "login" не существует
LOG: 2025/07/03 12:11:01.649759 Completed GET /user/profile
LOG: 2025/07/03 12:11:56.141042 Succesful connect to database: 26.94.236.113:9000
LOG: 2025/07/03 12:11:56.169230 Succesful ping database: 26.94.236.113:9000
LOG: 2025/07/03 12:11:59.106555 Started GET /user/profile
LOG: 2025/07/03 12:11:59.107703 Bad request to DB: pq: столбец "login" не существует
LOG: 2025/07/03 12:11:59.107703 Completed GET /user/profile
LOG: 2025/07/03 12:12:18.152945 Succesful connect to database: 26.94.236.113:9000
LOG: 2025/07/03 12:12:18.182207 Succesful ping database: 26.94.236.113:9000
LOG: 2025/07/03 12:12:19.558491 Started GET /user/profile
LOG: 2025/07/03 12:12:19.559846 Bad request to DB: pq: столбец "login" не существует
LOG: 2025/07/03 12:12:19.559846 Completed GET /user/profile
LOG: 2025/07/03 12:13:02.325260 Succesful connect to database: 26.94.236.113:9000
LOG: 2025/07/03 12:13:02.354638 Succesful ping database: 26.94.236.113:9000
LOG: 2025/07/03 12:13:04.006278 Started GET /user/profile
LOG: 2025/07/03 12:13:04.007634 Bad request to DB: pq: столбец "paatronymic" не существует
LOG: 2025/07/03 12:13:04.007634 Completed GET /user/profile
LOG: 2025/07/03 12:13:39.912223 Succesful connect to database: 26.94.236.113:9000
LOG: 2025/07/03 12:13:39.945377 Succesful ping database: 26.94.236.113:9000
LOG: 2025/07/03 12:13:41.414763 Started GET /user/profile
LOG: 2025/07/03 12:13:41.415560 Completed GET /user/profile
LOG: 2025/07/03 12:14:11.903055 Succesful connect to database: 26.94.236.113:9000
LOG: 2025/07/03 12:14:11.930792 Succesful ping database: 26.94.236.113:9000
LOG: 2025/07/03 12:14:13.205525 Started GET /user/profile
LOG: 2025/07/03 12:14:13.206427 Completed GET /user/profile
LOG: 2025/07/03 12:14:39.739770 Started PATCH /user/profile/change-info
LOG: 2025/07/03 12:14:39.744785 succesful change info for user: 113
LOG: 2025/07/03 12:14:39.744785 Completed PATCH /user/profile/change-info
LOG: 2025/07/03 12:14:42.679536 Started GET /user/profile
LOG: 2025/07/03 12:14:42.679536 Completed GET /user/profile
LOG: 2025/07/03 12:16:06.112706 Succesful connect to database: 26.94.236.113:9000
LOG: 2025/07/03 12:16:06.141453 Succesful ping database: 26.94.236.113:9000
LOG: 2025/07/03 12:16:09.170111 Started GET /user/profile
LOG: 2025/07/03 12:16:09.170960 Completed GET /user/profile
LOG: 2025/07/03 12:16:42.194923 Started PATCH /user/profile/change-info
LOG: 2025/07/03 12:16:42.196251 succesful change info for user: 113
LOG: 2025/07/03 12:16:42.196251 Completed PATCH /user/profile/change-info
LOG: 2025/07/03 12:16:45.257557 Started GET /user/profile
LOG: 2025/07/03 12:16:45.258062 Bad request to DB: sql: Scan error on column index 3, name "patronymic": converting NULL to string is unsupported
LOG: 2025/07/03 12:16:45.258062 Completed GET /user/profile
LOG: 2025/07/03 12:18:27.268708 Succesful connect to database: 26.94.236.113:9000
LOG: 2025/07/03 12:18:27.298385 Succesful ping database: 26.94.236.113:9000
LOG: 2025/07/03 12:18:29.796381 Started GET /user/profile
LOG: 2025/07/03 12:18:29.797284 Completed GET /user/profile
LOG: 2025/07/03 12:28:39.864931 Succesful connect to database: 26.94.236.113:9000
LOG: 2025/07/03 12:28:39.893259 Succesful ping database: 26.94.236.113:9000
LOG: 2025/07/03 12:28:44.110658 Started GET /user/profile
LOG: 2025/07/03 12:28:44.111489 Completed GET /user/profile
LOG: 2025/07/03 12:28:58.448691 Started PATCH /user/profile/change-info
LOG: 2025/07/03 12:28:58.452027 succesful change info for user: 113
LOG: 2025/07/03 12:28:58.452027 Completed PATCH /user/profile/change-info
LOG: 2025/07/03 12:29:01.722713 Started GET /user/profile
LOG: 2025/07/03 12:29:01.722713 Completed GET /user/profile
